#
# A fatal error has been detected by the Java Runtime Environment:
#
#  SIGSEGV (0xb) at pc=0x0000000102571d10, pid=2280, tid=16387
#
# JRE version: Java(TM) SE Runtime Environment (8.0_45-b14) (build 1.8.0_45-b14)
# Java VM: Java HotSpot(TM) 64-Bit Server VM (25.45-b02 mixed mode bsd-amd64 compressed oops)
# Problematic frame:
# V  [libjvm.dylib+0x432d10]  Method::checked_resolve_jmethod_id(_jmethodID*)+0xe
#
# Failed to write core dump. Core dumps have been disabled. To enable core dumping, try "ulimit -c unlimited" before starting Java again
#
# If you would like to submit a bug report, please visit:
#   http://bugreport.java.com/bugreport/crash.jsp
#

---------------  T H R E A D  ---------------

Current thread (0x00007fe933016800):  JavaThread "JDWP Transport Listener: dt_socket" daemon [_thread_in_vm, id=16387, stack(0x0000000118f1b000,0x000000011901b000)]

siginfo: si_signo: 11 (SIGSEGV), si_code: 0 (unknown), si_addr: 0x0000000000000000

Registers:
RAX=0x0000000000000001, RBX=0x000000011901aa8b, RCX=0x0000000102939190, RDX=0x000000011901aa8b
RSP=0x000000011901a9d0, RBP=0x000000011901a9e0, RSI=0x00007fe933016800, RDI=0x0004696d6f003b6e
R8 =0x0000000000000000, R9 =0x00007fe938900000, R10=0x0000000000000010, R11=0x00007fe938900000
R12=0x00007fe933016800, R13=0x0004696d6f003b6e, R14=0x0004696d6f003b6e, R15=0x00007fe931420b70
RIP=0x0000000102571d10, EFLAGS=0x0000000000010202, ERR=0x0000000000000000
  TRAPNO=0x000000000000000d

Top of Stack: (sp=0x000000011901a9d0)
0x000000011901a9d0:   000000011901aa8b 000000011901aa8b
0x000000011901a9e0:   000000011901aa40 00000001024820d6
0x000000011901a9f0:   00007fe933016800 0000000000000000
0x000000011901aa00:   0000000000000000 0000000000000000
0x000000011901aa10:   00007fe933016800 00007fe933016800
0x000000011901aa20:   000000011901aa8b 000000011901aa90
0x000000011901aa30:   0004696d6f003b6e 0000000000000007
0x000000011901aa40:   000000011901aa60 0000000103a55780
0x000000011901aa50:   0000000000000001 000000011901ab08
0x000000011901aa60:   000000011901aad0 0000000103a3a1f3
0x000000011901aa70:   000000011901aaa0 00007fe933e5cba0
0x000000011901aa80:   0000000800000032 000000010001ab08
0x000000011901aa90:   0000000000000000 0000000000000000
0x000000011901aaa0:   0000000000000000 000000011901ac90
0x000000011901aab0:   0000000103a5ce7a 00007fe93891dae0
0x000000011901aac0:   000000011901ab08 0000000103a68598
0x000000011901aad0:   000000011901aae0 0000000103a3a2ec
0x000000011901aae0:   000000011901ad00 0000000103a43898
0x000000011901aaf0:   0000090900000013 00000000000f0200
0x000000011901ab00:   00007fe938953ee0 00007fe93895517f
0x000000011901ab10:   00007fe9000000b9 00007fe938911650
0x000000011901ab20:   00007fe90000012c 000000011901ab58
0x000000011901ab30:   00007fe938911650 00007f0000000000
0x000000011901ab40:   000009090000000c 00007fff00006f80
0x000000011901ab50:   000000011901ab58 e97f000008000000
0x000000011901ab60:   06000000f84a5731 00003e74696e693c
0x000000011901ab70:   0000005629280300 7f00000100000000
0x000000011901ab80:   000000f04a5731e9 00007865646e6905
0x000000011901ab90:   2f6d6f634c282e00 726f662f71656e6f
0x000000011901aba0:   6e696e6769532f6d 6a4c293b6d726f46
0x000000011901abb0:   676e616c2f617661 3b676e697274532f
0x000000011901abc0:   0100000000000000 104b5731e97f0000 

Instructions: (pc=0x0000000102571d10)
0x0000000102571cf0:   40 48 48 85 c0 75 e0 30 c0 0f b6 c0 5d c3 31 c0
0x0000000102571d00:   5d c3 55 48 89 e5 53 48 83 ec 08 48 85 ff 74 24
0x0000000102571d10:   48 8b 1f 48 85 db 74 1c 48 83 fb 37 74 16 48 8b
0x0000000102571d20:   03 48 89 df ff 50 10 84 c0 b8 00 00 00 00 48 0f 

Register to memory mapping:

RAX=0x0000000000000001 is an unknown value
RBX=0x000000011901aa8b is pointing into the stack for thread: 0x00007fe933016800
RCX=0x0000000102939190: UseMembar+0 in /Library/Java/JavaVirtualMachines/jdk1.8.0_45.jdk/Contents/Home/jre/lib/server/libjvm.dylib at 0x000000010213f000
RDX=0x000000011901aa8b is pointing into the stack for thread: 0x00007fe933016800
RSP=0x000000011901a9d0 is pointing into the stack for thread: 0x00007fe933016800
RBP=0x000000011901a9e0 is pointing into the stack for thread: 0x00007fe933016800
RSI=0x00007fe933016800 is a thread
RDI=0x0004696d6f003b6e is an unknown value
R8 =0x0000000000000000 is an unknown value
R9 =0x00007fe938900000 is an unknown value
R10=0x0000000000000010 is an unknown value
R11=0x00007fe938900000 is an unknown value
R12=0x00007fe933016800 is a thread
R13=0x0004696d6f003b6e is an unknown value
R14=0x0004696d6f003b6e is an unknown value
R15=0x00007fe931420b70 is an unknown value


Stack: [0x0000000118f1b000,0x000000011901b000],  sp=0x000000011901a9d0,  free space=1022k
Native frames: (J=compiled Java code, j=interpreted, Vv=VM code, C=native code)
V  [libjvm.dylib+0x432d10]  Method::checked_resolve_jmethod_id(_jmethodID*)+0xe
V  [libjvm.dylib+0x3430d6]  jvmti_IsMethodSynthetic+0xb2
C  [libjdwp.dylib+0x20780]  isMethodSynthetic+0x63
C  [libjdwp.dylib+0x51f3]  methods1+0x10b
C  [libjdwp.dylib+0x52ec]  methodsWithGeneric+0xe
C  [libjdwp.dylib+0xe898]  debugLoop_run+0x1ce
C  [libjdwp.dylib+0x1f6ba]  attachThread+0x4d
V  [libjvm.dylib+0x38401c]  JvmtiAgentThread::call_start_function()+0x38
V  [libjvm.dylib+0x549acf]  JavaThread::thread_main_inner()+0x9b
V  [libjvm.dylib+0x54b1c0]  JavaThread::run()+0x1c2
V  [libjvm.dylib+0x46ea7e]  java_start(Thread*)+0xf6
C  [libsystem_pthread.dylib+0x3268]  _pthread_body+0x83
C  [libsystem_pthread.dylib+0x31e5]  _pthread_body+0x0
C  [libsystem_pthread.dylib+0x141d]  thread_start+0xd
C  0x0000000000000000


---------------  P R O C E S S  ---------------

Java Threads: ( => current thread )
  0x00007fe932225000 JavaThread "Thread-21" [_thread_blocked, id=26139, stack(0x000000011ac29000,0x000000011ad29000)]
  0x00007fe933132800 JavaThread "Thread-16" [_thread_blocked, id=29459, stack(0x0000000119e01000,0x0000000119f01000)]
  0x00007fe934bd7000 JavaThread "http-nio-8080-Acceptor-0" daemon [_thread_in_native, id=14607, stack(0x000000011df29000,0x000000011e029000)]
  0x00007fe93832a000 JavaThread "http-nio-8080-ClientPoller-1" daemon [_thread_in_native, id=12063, stack(0x000000011de26000,0x000000011df26000)]
  0x00007fe9350ee800 JavaThread "http-nio-8080-ClientPoller-0" daemon [_thread_in_native, id=31503, stack(0x000000011dd23000,0x000000011de23000)]
  0x00007fe93440c800 JavaThread "NioBlockingSelector.BlockPoller-3" daemon [_thread_in_native, id=30987, stack(0x000000011b102000,0x000000011b202000)]
  0x00007fe935955000 JavaThread "Tomcat JDBC Pool Cleaner[349885916:1468050897228]" daemon [_thread_blocked, id=21535, stack(0x000000011bb69000,0x000000011bc69000)]
  0x00007fe936a34000 JavaThread "container-0" [_thread_blocked, id=26635, stack(0x000000011e0b4000,0x000000011e1b4000)]
  0x00007fe935ed1000 JavaThread "ContainerBackgroundProcessor[StandardEngine[Tomcat].StandardHost[localhost].StandardContext[]]" daemon [_thread_blocked, id=30479, stack(0x000000011d551000,0x000000011d651000)]
  0x00007fe933001000 JavaThread "DestroyJavaVM" [_thread_blocked, id=4867, stack(0x00000001030c0000,0x00000001031c0000)]
  0x00007fe93205a000 JavaThread "Live Reload Server" daemon [_thread_in_native, id=13067, stack(0x000000011c802000,0x000000011c902000)]
  0x00007fe931931000 JavaThread "RMI TCP Accept-0" daemon [_thread_in_native, id=22279, stack(0x0000000119b87000,0x0000000119c87000)]
  0x00007fe93310d000 JavaThread "RMI TCP Accept-52384" daemon [_thread_in_native, id=20483, stack(0x0000000119a5d000,0x0000000119b5d000)]
  0x00007fe93192a800 JavaThread "RMI TCP Accept-0" daemon [_thread_in_native, id=19971, stack(0x000000011995a000,0x0000000119a5a000)]
  0x00007fe932059800 JavaThread "Service Thread" daemon [_thread_blocked, id=19459, stack(0x000000011952d000,0x000000011962d000)]
  0x00007fe931822800 JavaThread "C1 CompilerThread2" daemon [_thread_blocked, id=18947, stack(0x000000011942a000,0x000000011952a000)]
  0x00007fe93181e000 JavaThread "C2 CompilerThread1" daemon [_thread_blocked, id=18435, stack(0x0000000119327000,0x0000000119427000)]
  0x00007fe93181f000 JavaThread "C2 CompilerThread0" daemon [_thread_blocked, id=17923, stack(0x0000000119224000,0x0000000119324000)]
  0x00007fe93182b800 JavaThread "JDWP Command Reader" daemon [_thread_in_native, id=17411, stack(0x0000000119121000,0x0000000119221000)]
  0x00007fe93181c800 JavaThread "JDWP Event Helper Thread" daemon [_thread_blocked, id=16899, stack(0x000000011901e000,0x000000011911e000)]
=>0x00007fe933016800 JavaThread "JDWP Transport Listener: dt_socket" daemon [_thread_in_vm, id=16387, stack(0x0000000118f1b000,0x000000011901b000)]
  0x00007fe933000000 JavaThread "Signal Dispatcher" daemon [_thread_blocked, id=12307, stack(0x0000000118e11000,0x0000000118f11000)]
  0x00007fe93180f800 JavaThread "Finalizer" daemon [_thread_blocked, id=11523, stack(0x0000000117478000,0x0000000117578000)]
  0x00007fe93300c000 JavaThread "Reference Handler" daemon [_thread_blocked, id=11011, stack(0x0000000117375000,0x0000000117475000)]

Other Threads:
  0x00007fe932058800 VMThread [stack: 0x0000000117272000,0x0000000117372000] [id=10499]
  0x00007fe931998000 WatcherThread [stack: 0x0000000119c8a000,0x0000000119d8a000] [id=22531]

VM state:synchronizing (normal execution)

VM Mutex/Monitor currently owned by a thread:  ([mutex/lock_event])
[0x00007fe931602f10] Threads_lock - owner thread: 0x00007fe932058800

Heap:
 PSYoungGen      total 292352K, used 254897K [0x00000007aab00000, 0x00000007bd780000, 0x00000007c0000000)
  eden space 276992K, 92% used [0x00000007aab00000,0x00000007ba3ec548,0x00000007bb980000)
  from space 15360K, 0% used [0x00000007bc880000,0x00000007bc880000,0x00000007bd780000)
  to   space 15360K, 0% used [0x00000007bb980000,0x00000007bb980000,0x00000007bc880000)
 ParOldGen       total 61952K, used 29436K [0x0000000780000000, 0x0000000783c80000, 0x00000007aab00000)
  object space 61952K, 47% used [0x0000000780000000,0x0000000781cbf298,0x0000000783c80000)
 Metaspace       used 53869K, capacity 54568K, committed 55000K, reserved 1097728K
  class space    used 6633K, capacity 6825K, committed 6912K, reserved 1048576K

Card table byte_map: [0x0000000112e40000,0x0000000113041000] byte_map_base: 0x000000010f240000

Marking Bits: (ParMarkBitMap*) 0x0000000102a017a0
 Begin Bits: [0x00000001135a3000, 0x00000001145a3000)
 End Bits:   [0x00000001145a3000, 0x00000001155a3000)

Polling page: 0x00000001031d0000

CodeCache: size=245760Kb used=21149Kb max_used=21208Kb free=224611Kb
 bounds [0x0000000103a80000, 0x0000000104f60000, 0x0000000112a80000]
 total_blobs=6156 nmethods=5418 adapters=658
 compilation: enabled

Compilation events (10 events):
Event: 659.043 Thread 0x00007fe931822800 6511       1       java.util.concurrent.atomic.AtomicLong::getAndSet (12 bytes)
Event: 659.043 Thread 0x00007fe931822800 nmethod 6511 0x0000000104ef3810 code [0x0000000104ef3960, 0x0000000104ef3a70]
Event: 677.744 Thread 0x00007fe931822800 6512       3       java.util.TreeSet::add (22 bytes)
Event: 677.745 Thread 0x00007fe931822800 nmethod 6512 0x0000000104ef3310 code [0x0000000104ef3480, 0x0000000104ef3728]
Event: 737.305 Thread 0x00007fe931822800 6513       1       org.apache.tomcat.util.net.NioEndpoint::access$600 (5 bytes)
Event: 737.305 Thread 0x00007fe931822800 nmethod 6513 0x0000000104eecb90 code [0x0000000104eecce0, 0x0000000104eecdd0]
Event: 771.047 Thread 0x00007fe931822800 6514       1       java.util.HashMap$KeySet::size (8 bytes)
Event: 771.048 Thread 0x00007fe931822800 nmethod 6514 0x0000000104eec890 code [0x0000000104eec9e0, 0x0000000104eecaf0]
Event: 791.236 Thread 0x00007fe93181f000 6515       4       java.util.HashMap::keySet (27 bytes)
Event: 791.240 Thread 0x00007fe93181f000 nmethod 6515 0x0000000104ee8390 code [0x0000000104ee84e0, 0x0000000104ee85f8]

GC Heap History (10 events):
Event: 406.503 GC heap before
{Heap before GC invocations=16 (full 2):
 PSYoungGen      total 192512K, used 29072K [0x00000007aab00000, 0x00000007ba480000, 0x00000007c0000000)
  eden space 178176K, 9% used [0x00000007aab00000,0x00000007abc57408,0x00000007b5900000)
  from space 14336K, 78% used [0x00000007b5900000,0x00000007b640cd98,0x00000007b6700000)
  to   space 15360K, 0% used [0x00000007b9580000,0x00000007b9580000,0x00000007ba480000)
 ParOldGen       total 61952K, used 30024K [0x0000000780000000, 0x0000000783c80000, 0x00000007aab00000)
  object space 61952K, 48% used [0x0000000780000000,0x0000000781d521f8,0x0000000783c80000)
 Metaspace       used 52508K, capacity 53024K, committed 53592K, reserved 1095680K
  class space    used 6573K, capacity 6708K, committed 6784K, reserved 1048576K
Event: 406.517 GC heap after
Heap after GC invocations=16 (full 2):
 PSYoungGen      total 239104K, used 6376K [0x00000007aab00000, 0x00000007ba380000, 0x00000007c0000000)
  eden space 224768K, 0% used [0x00000007aab00000,0x00000007aab00000,0x00000007b8680000)
  from space 14336K, 44% used [0x00000007b9580000,0x00000007b9bba080,0x00000007ba380000)
  to   space 14848K, 0% used [0x00000007b8680000,0x00000007b8680000,0x00000007b9500000)
 ParOldGen       total 61952K, used 30032K [0x0000000780000000, 0x0000000783c80000, 0x00000007aab00000)
  object space 61952K, 48% used [0x0000000780000000,0x0000000781d541f8,0x0000000783c80000)
 Metaspace       used 52508K, capacity 53024K, committed 53592K, reserved 1095680K
  class space    used 6573K, capacity 6708K, committed 6784K, reserved 1048576K
}
Event: 406.517 GC heap before
{Heap before GC invocations=17 (full 3):
 PSYoungGen      total 239104K, used 6376K [0x00000007aab00000, 0x00000007ba380000, 0x00000007c0000000)
  eden space 224768K, 0% used [0x00000007aab00000,0x00000007aab00000,0x00000007b8680000)
  from space 14336K, 44% used [0x00000007b9580000,0x00000007b9bba080,0x00000007ba380000)
  to   space 14848K, 0% used [0x00000007b8680000,0x00000007b8680000,0x00000007b9500000)
 ParOldGen       total 61952K, used 30032K [0x0000000780000000, 0x0000000783c80000, 0x00000007aab00000)
  object space 61952K, 48% used [0x0000000780000000,0x0000000781d541f8,0x0000000783c80000)
 Metaspace       used 52508K, capacity 53024K, committed 53592K, reserved 1095680K
  class space    used 6573K, capacity 6708K, committed 6784K, reserved 1048576K
Event: 406.957 GC heap after
Heap after GC invocations=17 (full 3):
 PSYoungGen      total 239104K, used 0K [0x00000007aab00000, 0x00000007ba380000, 0x00000007c0000000)
  eden space 224768K, 0% used [0x00000007aab00000,0x00000007aab00000,0x00000007b8680000)
  from space 14336K, 0% used [0x00000007b9580000,0x00000007b9580000,0x00000007ba380000)
  to   space 14848K, 0% used [0x00000007b8680000,0x00000007b8680000,0x00000007b9500000)
 ParOldGen       total 61952K, used 26871K [0x0000000780000000, 0x0000000783c80000, 0x00000007aab00000)
  object space 61952K, 43% used [0x0000000780000000,0x0000000781a3dff8,0x0000000783c80000)
 Metaspace       used 52508K, capacity 53024K, committed 53592K, reserved 1095680K
  class space    used 6573K, capacity 6708K, committed 6784K, reserved 1048576K
}
Event: 421.080 GC heap before
{Heap before GC invocations=18 (full 3):
 PSYoungGen      total 239104K, used 224768K [0x00000007aab00000, 0x00000007ba380000, 0x00000007c0000000)
  eden space 224768K, 100% used [0x00000007aab00000,0x00000007b8680000,0x00000007b8680000)
  from space 14336K, 0% used [0x00000007b9580000,0x00000007b9580000,0x00000007ba380000)
  to   space 14848K, 0% used [0x00000007b8680000,0x00000007b8680000,0x00000007b9500000)
 ParOldGen       total 61952K, used 26871K [0x0000000780000000, 0x0000000783c80000, 0x00000007aab00000)
  object space 61952K, 43% used [0x0000000780000000,0x0000000781a3dff8,0x0000000783c80000)
 Metaspace       used 53277K, capacity 53934K, committed 54360K, reserved 1097728K
  class space    used 6608K, capacity 6773K, committed 6784K, reserved 1048576K
Event: 421.117 GC heap after
Heap after GC invocations=18 (full 3):
 PSYoungGen      total 239616K, used 10636K [0x00000007aab00000, 0x00000007bd780000, 0x00000007c0000000)
  eden space 224768K, 0% used [0x00000007aab00000,0x00000007aab00000,0x00000007b8680000)
  from space 14848K, 71% used [0x00000007b8680000,0x00000007b90e3148,0x00000007b9500000)
  to   space 15360K, 0% used [0x00000007bc880000,0x00000007bc880000,0x00000007bd780000)
 ParOldGen       total 61952K, used 26879K [0x0000000780000000, 0x0000000783c80000, 0x00000007aab00000)
  object space 61952K, 43% used [0x0000000780000000,0x0000000781a3fff8,0x0000000783c80000)
 Metaspace       used 53277K, capacity 53934K, committed 54360K, reserved 1097728K
  class space    used 6608K, capacity 6773K, committed 6784K, reserved 1048576K
}
Event: 614.350 GC heap before
{Heap before GC invocations=19 (full 3):
 PSYoungGen      total 239616K, used 46914K [0x00000007aab00000, 0x00000007bd780000, 0x00000007c0000000)
  eden space 224768K, 16% used [0x00000007aab00000,0x00000007ace6d950,0x00000007b8680000)
  from space 14848K, 71% used [0x00000007b8680000,0x00000007b90e3148,0x00000007b9500000)
  to   space 15360K, 0% used [0x00000007bc880000,0x00000007bc880000,0x00000007bd780000)
 ParOldGen       total 61952K, used 26879K [0x0000000780000000, 0x0000000783c80000, 0x00000007aab00000)
  object space 61952K, 43% used [0x0000000780000000,0x0000000781a3fff8,0x0000000783c80000)
 Metaspace       used 53342K, capacity 53940K, committed 54360K, reserved 1097728K
  class space    used 6610K, capacity 6775K, committed 6784K, reserved 1048576K
Event: 614.374 GC heap after
Heap after GC invocations=19 (full 3):
 PSYoungGen      total 292352K, used 3872K [0x00000007aab00000, 0x00000007bd780000, 0x00000007c0000000)
  eden space 276992K, 0% used [0x00000007aab00000,0x00000007aab00000,0x00000007bb980000)
  from space 15360K, 25% used [0x00000007bc880000,0x00000007bcc48030,0x00000007bd780000)
  to   space 15360K, 0% used [0x00000007bb980000,0x00000007bb980000,0x00000007bc880000)
 ParOldGen       total 61952K, used 26887K [0x0000000780000000, 0x0000000783c80000, 0x00000007aab00000)
  object space 61952K, 43% used [0x0000000780000000,0x0000000781a41ff8,0x0000000783c80000)
 Metaspace       used 53342K, capacity 53940K, committed 54360K, reserved 1097728K
  class space    used 6610K, capacity 6775K, committed 6784K, reserved 1048576K
}
Event: 614.374 GC heap before
{Heap before GC invocations=20 (full 4):
 PSYoungGen      total 292352K, used 3872K [0x00000007aab00000, 0x00000007bd780000, 0x00000007c0000000)
  eden space 276992K, 0% used [0x00000007aab00000,0x00000007aab00000,0x00000007bb980000)
  from space 15360K, 25% used [0x00000007bc880000,0x00000007bcc48030,0x00000007bd780000)
  to   space 15360K, 0% used [0x00000007bb980000,0x00000007bb980000,0x00000007bc880000)
 ParOldGen       total 61952K, used 26887K [0x0000000780000000, 0x0000000783c80000, 0x00000007aab00000)
  object space 61952K, 43% used [0x0000000780000000,0x0000000781a41ff8,0x0000000783c80000)
 Metaspace       used 53342K, capacity 53940K, committed 54360K, reserved 1097728K
  class space    used 6610K, capacity 6775K, committed 6784K, reserved 1048576K
Event: 614.761 GC heap after
Heap after GC invocations=20 (full 4):
 PSYoungGen      total 292352K, used 0K [0x00000007aab00000, 0x00000007bd780000, 0x00000007c0000000)
  eden space 276992K, 0% used [0x00000007aab00000,0x00000007aab00000,0x00000007bb980000)
  from space 15360K, 0% used [0x00000007bc880000,0x00000007bc880000,0x00000007bd780000)
  to   space 15360K, 0% used [0x00000007bb980000,0x00000007bb980000,0x00000007bc880000)
 ParOldGen       total 61952K, used 29436K [0x0000000780000000, 0x0000000783c80000, 0x00000007aab00000)
  object space 61952K, 47% used [0x0000000780000000,0x0000000781cbf298,0x0000000783c80000)
 Metaspace       used 53342K, capacity 53940K, committed 54360K, reserved 1097728K
  class space    used 6610K, capacity 6775K, committed 6784K, reserved 1048576K
}

Deoptimization events (10 events):
Event: 844.426 Thread 0x00007fe932fe1800 Uncommon trap: reason=unhandled action=none pc=0x0000000103c423ac method=java.net.URLClassLoader.findClass(Ljava/lang/String;)Ljava/lang/Class; @ 44
Event: 844.426 Thread 0x00007fe932fe1800 Uncommon trap: reason=unhandled action=none pc=0x0000000104129d9c method=java.net.URLClassLoader.findClass(Ljava/lang/String;)Ljava/lang/Class; @ 44
Event: 844.427 Thread 0x00007fe932fe1800 Uncommon trap: reason=unhandled action=none pc=0x0000000103c423ac method=java.net.URLClassLoader.findClass(Ljava/lang/String;)Ljava/lang/Class; @ 44
Event: 844.427 Thread 0x00007fe932fe1800 Uncommon trap: reason=unhandled action=none pc=0x0000000104129d9c method=java.net.URLClassLoader.findClass(Ljava/lang/String;)Ljava/lang/Class; @ 44
Event: 844.427 Thread 0x00007fe932fe1800 Uncommon trap: reason=unhandled action=none pc=0x0000000103c423ac method=java.net.URLClassLoader.findClass(Ljava/lang/String;)Ljava/lang/Class; @ 44
Event: 844.427 Thread 0x00007fe932fe1800 Uncommon trap: reason=unhandled action=none pc=0x0000000104129d9c method=java.net.URLClassLoader.findClass(Ljava/lang/String;)Ljava/lang/Class; @ 44
Event: 844.442 Thread 0x00007fe933132800 Uncommon trap: reason=unhandled action=none pc=0x0000000103c423ac method=java.net.URLClassLoader.findClass(Ljava/lang/String;)Ljava/lang/Class; @ 44
Event: 844.442 Thread 0x00007fe933132800 Uncommon trap: reason=unhandled action=none pc=0x0000000104129d9c method=java.net.URLClassLoader.findClass(Ljava/lang/String;)Ljava/lang/Class; @ 44
Event: 844.443 Thread 0x00007fe933132800 Uncommon trap: reason=unhandled action=none pc=0x0000000103c423ac method=java.net.URLClassLoader.findClass(Ljava/lang/String;)Ljava/lang/Class; @ 44
Event: 844.443 Thread 0x00007fe933132800 Uncommon trap: reason=unhandled action=none pc=0x0000000104129d9c method=java.net.URLClassLoader.findClass(Ljava/lang/String;)Ljava/lang/Class; @ 44

Internal exceptions (10 events):
Event: 619.144 Thread 0x00007fe933229800 Exception <a 'java/lang/ArrayIndexOutOfBoundsException': 97> (0x00000007b6cc4bc8) thrown at [/Users/java_re/workspace/8-2-build-macosx-x86_64/jdk8u45/3457/hotspot/src/share/vm/interpreter/interpreterRuntime.cpp, line 366]
Event: 619.144 Thread 0x00007fe933229800 Exception <a 'java/lang/ArrayIndexOutOfBoundsException': 100> (0x00000007b6cc76c0) thrown at [/Users/java_re/workspace/8-2-build-macosx-x86_64/jdk8u45/3457/hotspot/src/share/vm/interpreter/interpreterRuntime.cpp, line 366]
Event: 619.145 Thread 0x00007fe933229800 Exception <a 'java/lang/ArrayIndexOutOfBoundsException': 40> (0x00000007b6cc84f8) thrown at [/Users/java_re/workspace/8-2-build-macosx-x86_64/jdk8u45/3457/hotspot/src/share/vm/interpreter/interpreterRuntime.cpp, line 366]
Event: 619.145 Thread 0x00007fe933229800 Exception <a 'java/lang/ArrayIndexOutOfBoundsException': 47> (0x00000007b6cc9d20) thrown at [/Users/java_re/workspace/8-2-build-macosx-x86_64/jdk8u45/3457/hotspot/src/share/vm/interpreter/interpreterRuntime.cpp, line 366]
Event: 619.145 Thread 0x00007fe933229800 Exception <a 'java/lang/ArrayIndexOutOfBoundsException': 63> (0x00000007b6ccb920) thrown at [/Users/java_re/workspace/8-2-build-macosx-x86_64/jdk8u45/3457/hotspot/src/share/vm/interpreter/interpreterRuntime.cpp, line 366]
Event: 619.167 Thread 0x00007fe933229800 Exception <a 'java/lang/ArrayIndexOutOfBoundsException': 137> (0x00000007b6d550d0) thrown at [/Users/java_re/workspace/8-2-build-macosx-x86_64/jdk8u45/3457/hotspot/src/share/vm/interpreter/interpreterRuntime.cpp, line 366]
Event: 619.369 Thread 0x00007fe933229800 Exception <a 'java/lang/ArrayIndexOutOfBoundsException': 53> (0x00000007b73a3ce0) thrown at [/Users/java_re/workspace/8-2-build-macosx-x86_64/jdk8u45/3457/hotspot/src/share/vm/interpreter/interpreterRuntime.cpp, line 366]
Event: 619.752 Thread 0x00007fe933229800 Exception <a 'java/lang/ArrayIndexOutOfBoundsException': 141> (0x00000007b7b04d20) thrown at [/Users/java_re/workspace/8-2-build-macosx-x86_64/jdk8u45/3457/hotspot/src/share/vm/interpreter/interpreterRuntime.cpp, line 366]
Event: 619.753 Thread 0x00007fe933229800 Exception <a 'java/lang/ArrayIndexOutOfBoundsException': 240> (0x00000007b7b076b8) thrown at [/Users/java_re/workspace/8-2-build-macosx-x86_64/jdk8u45/3457/hotspot/src/share/vm/interpreter/interpreterRuntime.cpp, line 366]
Event: 619.753 Thread 0x00007fe933229800 Exception <a 'java/lang/ArrayIndexOutOfBoundsException': 121> (0x00000007b7b095f8) thrown at [/Users/java_re/workspace/8-2-build-macosx-x86_64/jdk8u45/3457/hotspot/src/share/vm/interpreter/interpreterRuntime.cpp, line 366]

Events (10 events):
Event: 844.443 Thread 0x00007fe933132800 DEOPT PACKING pc=0x0000000103c423ac sp=0x0000000119f004f0
Event: 844.443 Thread 0x00007fe933132800 DEOPT UNPACKING pc=0x0000000103a85229 sp=0x0000000119f00380 mode 2
Event: 844.443 Thread 0x00007fe933132800 Uncommon trap: trap_request=0xffffffa7 fr.pc=0x0000000104129d9c
Event: 844.443 Thread 0x00007fe933132800 DEOPT PACKING pc=0x0000000104129d9c sp=0x0000000119f00460
Event: 844.443 Thread 0x00007fe933132800 DEOPT UNPACKING pc=0x0000000103a85229 sp=0x0000000119f00428 mode 2
Event: 844.443 Thread 0x00007fe933132800 DEOPT PACKING pc=0x00000001040f3924 sp=0x0000000119f005e0
Event: 844.443 Thread 0x00007fe933132800 DEOPT UNPACKING pc=0x0000000103ac7633 sp=0x0000000119f00320 mode 1
Event: 844.443 Thread 0x00007fe933132800 DEOPT PACKING pc=0x000000010423932c sp=0x0000000119f006c0
Event: 844.443 Thread 0x00007fe933132800 DEOPT UNPACKING pc=0x0000000103ac7633 sp=0x0000000119f00418 mode 1
Event: 844.444 Thread 0x00007fe932225000 Thread added: 0x00007fe932225000


Dynamic libraries:
0x00000000001f8000 	/System/Library/Frameworks/Cocoa.framework/Versions/A/Cocoa
0x00000000001f8000 	/System/Library/Frameworks/Security.framework/Versions/A/Security
0x00000000001f8000 	/System/Library/Frameworks/ApplicationServices.framework/Versions/A/ApplicationServices
0x00000000001f8000 	/usr/lib/libz.1.dylib
0x00000000001f8000 	/usr/lib/libSystem.B.dylib
0x00000000001f8000 	/usr/lib/libobjc.A.dylib
0x00000000001f8000 	/System/Library/Frameworks/CoreFoundation.framework/Versions/A/CoreFoundation
0x00000000001f8000 	/System/Library/Frameworks/Foundation.framework/Versions/C/Foundation
0x00000000001f8000 	/System/Library/Frameworks/AppKit.framework/Versions/C/AppKit
0x00000000001f8000 	/System/Library/Frameworks/CoreData.framework/Versions/A/CoreData
0x00000000001f8000 	/System/Library/PrivateFrameworks/RemoteViewServices.framework/Versions/A/RemoteViewServices
0x00000000001f8000 	/System/Library/PrivateFrameworks/UIFoundation.framework/Versions/A/UIFoundation
0x00000000001f8000 	/System/Library/Frameworks/IOSurface.framework/Versions/A/IOSurface
0x00000000001f8000 	/System/Library/Frameworks/AudioToolbox.framework/Versions/A/AudioToolbox
0x00000000001f8000 	/System/Library/Frameworks/AudioUnit.framework/Versions/A/AudioUnit
0x00000000001f8000 	/System/Library/PrivateFrameworks/DataDetectorsCore.framework/Versions/A/DataDetectorsCore
0x00000000001f8000 	/System/Library/PrivateFrameworks/DesktopServicesPriv.framework/Versions/A/DesktopServicesPriv
0x00000000001f8000 	/System/Library/Frameworks/Carbon.framework/Versions/A/Frameworks/HIToolbox.framework/Versions/A/HIToolbox
0x00000000001f8000 	/System/Library/Frameworks/QuartzCore.framework/Versions/A/QuartzCore
0x00000000001f8000 	/System/Library/Frameworks/Carbon.framework/Versions/A/Frameworks/SpeechRecognition.framework/Versions/A/SpeechRecognition
0x00000000001f8000 	/usr/lib/libauto.dylib
0x00000000001f8000 	/usr/lib/libicucore.A.dylib
0x00000000001f8000 	/usr/lib/libxml2.2.dylib
0x00000000001f8000 	/System/Library/PrivateFrameworks/CoreUI.framework/Versions/A/CoreUI
0x00000000001f8000 	/System/Library/Frameworks/CoreAudio.framework/Versions/A/CoreAudio
0x00000000001f8000 	/System/Library/Frameworks/DiskArbitration.framework/Versions/A/DiskArbitration
0x00000000001f8000 	/usr/lib/liblangid.dylib
0x00000000001f8000 	/System/Library/PrivateFrameworks/MultitouchSupport.framework/Versions/A/MultitouchSupport
0x00000000001f8000 	/System/Library/Frameworks/IOKit.framework/Versions/A/IOKit
0x00000000001f8000 	/usr/lib/libDiagnosticMessagesClient.dylib
0x00000000001f8000 	/System/Library/Frameworks/CoreServices.framework/Versions/A/CoreServices
0x00000000001f8000 	/System/Library/PrivateFrameworks/PerformanceAnalysis.framework/Versions/A/PerformanceAnalysis
0x00000000001f8000 	/System/Library/PrivateFrameworks/GenerationalStorage.framework/Versions/A/GenerationalStorage
0x00000000001f8000 	/System/Library/Frameworks/OpenGL.framework/Versions/A/OpenGL
0x00000000001f8000 	/System/Library/PrivateFrameworks/Sharing.framework/Versions/A/Sharing
0x00000000001f8000 	/System/Library/Frameworks/CoreGraphics.framework/Versions/A/CoreGraphics
0x00000000001f8000 	/System/Library/Frameworks/CoreText.framework/Versions/A/CoreText
0x00000000001f8000 	/System/Library/Frameworks/ImageIO.framework/Versions/A/ImageIO
0x00000000001f8000 	/usr/lib/libextension.dylib
0x00000000001f8000 	/System/Library/PrivateFrameworks/Backup.framework/Versions/A/Backup
0x00000000001f8000 	/usr/lib/libarchive.2.dylib
0x00000000001f8000 	/System/Library/Frameworks/CFNetwork.framework/Versions/A/CFNetwork
0x00000000001f8000 	/System/Library/Frameworks/SystemConfiguration.framework/Versions/A/SystemConfiguration
0x00000000001f8000 	/usr/lib/libCRFSuite.dylib
0x00000000001f8000 	/usr/lib/libc++.1.dylib
0x00000000001f8000 	/usr/lib/libc++abi.dylib
0x00000000001f8000 	/usr/lib/system/libcache.dylib
0x00000000001f8000 	/usr/lib/system/libcommonCrypto.dylib
0x00000000001f8000 	/usr/lib/system/libcompiler_rt.dylib
0x00000000001f8000 	/usr/lib/system/libcopyfile.dylib
0x00000000001f8000 	/usr/lib/system/libcorecrypto.dylib
0x00000000001f8000 	/usr/lib/system/libdispatch.dylib
0x00000000001f8000 	/usr/lib/system/libdyld.dylib
0x00000000001f8000 	/usr/lib/system/libkeymgr.dylib
0x00000000001f8000 	/usr/lib/system/liblaunch.dylib
0x00000000001f8000 	/usr/lib/system/libmacho.dylib
0x00000000001f8000 	/usr/lib/system/libquarantine.dylib
0x00000000001f8000 	/usr/lib/system/libremovefile.dylib
0x00000000001f8000 	/usr/lib/system/libsystem_asl.dylib
0x00000000001f8000 	/usr/lib/system/libsystem_blocks.dylib
0x00000000001f8000 	/usr/lib/system/libsystem_c.dylib
0x00000000001f8000 	/usr/lib/system/libsystem_configuration.dylib
0x00000000001f8000 	/usr/lib/system/libsystem_coreservices.dylib
0x00000000001f8000 	/usr/lib/system/libsystem_coretls.dylib
0x00000000001f8000 	/usr/lib/system/libsystem_dnssd.dylib
0x00000000001f8000 	/usr/lib/system/libsystem_info.dylib
0x00000000001f8000 	/usr/lib/system/libsystem_kernel.dylib
0x00000000001f8000 	/usr/lib/system/libsystem_m.dylib
0x00000000001f8000 	/usr/lib/system/libsystem_malloc.dylib
0x00000000001f8000 	/usr/lib/system/libsystem_network.dylib
0x00000000001f8000 	/usr/lib/system/libsystem_networkextension.dylib
0x00000000001f8000 	/usr/lib/system/libsystem_notify.dylib
0x00000000001f8000 	/usr/lib/system/libsystem_platform.dylib
0x00000000001f8000 	/usr/lib/system/libsystem_pthread.dylib
0x00000000001f8000 	/usr/lib/system/libsystem_sandbox.dylib
0x00000000001f8000 	/usr/lib/system/libsystem_secinit.dylib
0x00000000001f8000 	/usr/lib/system/libsystem_stats.dylib
0x00000000001f8000 	/usr/lib/system/libsystem_trace.dylib
0x00000000001f8000 	/usr/lib/system/libunc.dylib
0x00000000001f8000 	/usr/lib/system/libunwind.dylib
0x00000000001f8000 	/usr/lib/system/libxpc.dylib
0x00000000001f8000 	/usr/lib/libbz2.1.0.dylib
0x00000000001f8000 	/usr/lib/liblzma.5.dylib
0x00000000001f8000 	/usr/lib/libbsm.0.dylib
0x00000000001f8000 	/usr/lib/libsqlite3.dylib
0x00000000001f8000 	/usr/lib/system/libkxld.dylib
0x00000000001f8000 	/usr/lib/libxar.1.dylib
0x00000000001f8000 	/usr/lib/libpam.2.dylib
0x00000000001f8000 	/usr/lib/libOpenScriptingUtil.dylib
0x00000000001f8000 	/System/Library/Frameworks/CoreServices.framework/Versions/A/Frameworks/FSEvents.framework/Versions/A/FSEvents
0x00000000001f8000 	/System/Library/Frameworks/CoreServices.framework/Versions/A/Frameworks/CarbonCore.framework/Versions/A/CarbonCore
0x00000000001f8000 	/System/Library/Frameworks/CoreServices.framework/Versions/A/Frameworks/Metadata.framework/Versions/A/Metadata
0x00000000001f8000 	/System/Library/Frameworks/CoreServices.framework/Versions/A/Frameworks/OSServices.framework/Versions/A/OSServices
0x00000000001f8000 	/System/Library/Frameworks/CoreServices.framework/Versions/A/Frameworks/SearchKit.framework/Versions/A/SearchKit
0x00000000001f8000 	/System/Library/Frameworks/CoreServices.framework/Versions/A/Frameworks/AE.framework/Versions/A/AE
0x00000000001f8000 	/System/Library/Frameworks/CoreServices.framework/Versions/A/Frameworks/LaunchServices.framework/Versions/A/LaunchServices
0x00000000001f8000 	/System/Library/Frameworks/CoreServices.framework/Versions/A/Frameworks/DictionaryServices.framework/Versions/A/DictionaryServices
0x00000000001f8000 	/System/Library/Frameworks/NetFS.framework/Versions/A/NetFS
0x00000000001f8000 	/System/Library/PrivateFrameworks/NetAuth.framework/Versions/A/NetAuth
0x00000000001f8000 	/System/Library/PrivateFrameworks/login.framework/Versions/A/Frameworks/loginsupport.framework/Versions/A/loginsupport
0x00000000001f8000 	/System/Library/PrivateFrameworks/TCC.framework/Versions/A/TCC
0x00000000001f8000 	/usr/lib/libmecabra.dylib
0x00000000001f8000 	/System/Library/Frameworks/ApplicationServices.framework/Versions/A/Frameworks/ATS.framework/Versions/A/ATS
0x00000000001f8000 	/System/Library/Frameworks/ApplicationServices.framework/Versions/A/Frameworks/ColorSync.framework/Versions/A/ColorSync
0x00000000001f8000 	/System/Library/Frameworks/ApplicationServices.framework/Versions/A/Frameworks/HIServices.framework/Versions/A/HIServices
0x00000000001f8000 	/System/Library/Frameworks/ApplicationServices.framework/Versions/A/Frameworks/LangAnalysis.framework/Versions/A/LangAnalysis
0x00000000001f8000 	/System/Library/Frameworks/ApplicationServices.framework/Versions/A/Frameworks/PrintCore.framework/Versions/A/PrintCore
0x00000000001f8000 	/System/Library/Frameworks/ApplicationServices.framework/Versions/A/Frameworks/QD.framework/Versions/A/QD
0x00000000001f8000 	/System/Library/Frameworks/ApplicationServices.framework/Versions/A/Frameworks/SpeechSynthesis.framework/Versions/A/SpeechSynthesis
0x00000000001f8000 	/System/Library/Frameworks/Accelerate.framework/Versions/A/Accelerate
0x00000000001f8000 	/System/Library/Frameworks/Accelerate.framework/Versions/A/Frameworks/vImage.framework/Versions/A/vImage
0x00000000001f8000 	/System/Library/Frameworks/Accelerate.framework/Versions/A/Frameworks/vecLib.framework/Versions/A/vecLib
0x00000000001f8000 	/System/Library/Frameworks/Accelerate.framework/Versions/A/Frameworks/vecLib.framework/Versions/A/libvDSP.dylib
0x00000000001f8000 	/System/Library/Frameworks/Accelerate.framework/Versions/A/Frameworks/vecLib.framework/Versions/A/libvMisc.dylib
0x00000000001f8000 	/System/Library/Frameworks/Accelerate.framework/Versions/A/Frameworks/vecLib.framework/Versions/A/libLAPACK.dylib
0x00000000001f8000 	/System/Library/Frameworks/Accelerate.framework/Versions/A/Frameworks/vecLib.framework/Versions/A/libBLAS.dylib
0x00000000001f8000 	/System/Library/Frameworks/Accelerate.framework/Versions/A/Frameworks/vecLib.framework/Versions/A/libLinearAlgebra.dylib
0x00000000001f8000 	/System/Library/Frameworks/ApplicationServices.framework/Versions/A/Frameworks/ATS.framework/Versions/A/Resources/libFontParser.dylib
0x00000000001f8000 	/System/Library/Frameworks/ApplicationServices.framework/Versions/A/Frameworks/ATS.framework/Versions/A/Resources/libFontRegistry.dylib
0x00000000001f8000 	/System/Library/PrivateFrameworks/AppleVPA.framework/Versions/A/AppleVPA
0x00000000001f8000 	/System/Library/PrivateFrameworks/AppleJPEG.framework/Versions/A/AppleJPEG
0x00000000001f8000 	/System/Library/Frameworks/ImageIO.framework/Versions/A/Resources/libJPEG.dylib
0x00000000001f8000 	/System/Library/Frameworks/ImageIO.framework/Versions/A/Resources/libTIFF.dylib
0x00000000001f8000 	/System/Library/Frameworks/ImageIO.framework/Versions/A/Resources/libPng.dylib
0x00000000001f8000 	/System/Library/Frameworks/ImageIO.framework/Versions/A/Resources/libGIF.dylib
0x00000000001f8000 	/System/Library/Frameworks/ImageIO.framework/Versions/A/Resources/libJP2.dylib
0x00000000001f8000 	/System/Library/Frameworks/ImageIO.framework/Versions/A/Resources/libRadiance.dylib
0x00000000001f8000 	/System/Library/Frameworks/CoreVideo.framework/Versions/A/CoreVideo
0x00000000001f8000 	/System/Library/Frameworks/OpenGL.framework/Versions/A/Libraries/libGLU.dylib
0x00000000001f8000 	/System/Library/Frameworks/OpenGL.framework/Versions/A/Libraries/libGFXShared.dylib
0x00000000001f8000 	/System/Library/Frameworks/OpenGL.framework/Versions/A/Libraries/libGL.dylib
0x00000000001f8000 	/System/Library/Frameworks/OpenGL.framework/Versions/A/Libraries/libGLImage.dylib
0x00000000001f8000 	/System/Library/Frameworks/OpenGL.framework/Versions/A/Libraries/libCVMSPluginSupport.dylib
0x00000000001f8000 	/System/Library/Frameworks/OpenGL.framework/Versions/A/Libraries/libCoreVMClient.dylib
0x00000000001f8000 	/usr/lib/libcups.2.dylib
0x00000000001f8000 	/System/Library/Frameworks/Kerberos.framework/Versions/A/Kerberos
0x00000000001f8000 	/System/Library/Frameworks/GSS.framework/Versions/A/GSS
0x00000000001f8000 	/usr/lib/libresolv.9.dylib
0x00000000001f8000 	/usr/lib/libiconv.2.dylib
0x00000000001f8000 	/System/Library/PrivateFrameworks/Heimdal.framework/Versions/A/Heimdal
0x00000000001f8000 	/usr/lib/libheimdal-asn1.dylib
0x00000000001f8000 	/System/Library/Frameworks/OpenDirectory.framework/Versions/A/OpenDirectory
0x00000000001f8000 	/System/Library/PrivateFrameworks/CommonAuth.framework/Versions/A/CommonAuth
0x00000000001f8000 	/System/Library/Frameworks/OpenDirectory.framework/Versions/A/Frameworks/CFOpenDirectory.framework/Versions/A/CFOpenDirectory
0x00000000001f8000 	/System/Library/Frameworks/SecurityFoundation.framework/Versions/A/SecurityFoundation
0x00000000001f8000 	/System/Library/PrivateFrameworks/LanguageModeling.framework/Versions/A/LanguageModeling
0x00000000001f8000 	/usr/lib/libcmph.dylib
0x00000000001f8000 	/System/Library/Frameworks/ServiceManagement.framework/Versions/A/ServiceManagement
0x00000000001f8000 	/usr/lib/libxslt.1.dylib
0x00000000001f8000 	/System/Library/Frameworks/Carbon.framework/Versions/A/Frameworks/Ink.framework/Versions/A/Ink
0x00000000001f8000 	/System/Library/Frameworks/QuartzCore.framework/Versions/A/Frameworks/CoreImage.framework/Versions/A/CoreImage
0x00000000001f8000 	/System/Library/PrivateFrameworks/CrashReporterSupport.framework/Versions/A/CrashReporterSupport
0x00000000001f8000 	/System/Library/Frameworks/OpenCL.framework/Versions/A/OpenCL
0x00000000001f8000 	/System/Library/PrivateFrameworks/FaceCore.framework/Versions/A/FaceCore
0x00000000001f8000 	/System/Library/PrivateFrameworks/Ubiquity.framework/Versions/A/Ubiquity
0x00000000001f8000 	/System/Library/PrivateFrameworks/IconServices.framework/Versions/A/IconServices
0x00000000001f8000 	/System/Library/PrivateFrameworks/ChunkingLibrary.framework/Versions/A/ChunkingLibrary
0x00000000001f8000 	/System/Library/PrivateFrameworks/Apple80211.framework/Versions/A/Apple80211
0x00000000001f8000 	/System/Library/Frameworks/CoreWLAN.framework/Versions/A/CoreWLAN
0x00000000001f8000 	/System/Library/Frameworks/IOBluetooth.framework/Versions/A/IOBluetooth
0x00000000001f8000 	/System/Library/PrivateFrameworks/CoreWiFi.framework/Versions/A/CoreWiFi
0x00000000001f8000 	/System/Library/Frameworks/CoreBluetooth.framework/Versions/A/CoreBluetooth
0x00000000001f8000 	/System/Library/PrivateFrameworks/DebugSymbols.framework/Versions/A/DebugSymbols
0x00000000001f8000 	/System/Library/PrivateFrameworks/CoreSymbolication.framework/Versions/A/CoreSymbolication
0x00000000001f8000 	/System/Library/PrivateFrameworks/Symbolication.framework/Versions/A/Symbolication
0x00000000001f8000 	/System/Library/PrivateFrameworks/SpeechRecognitionCore.framework/Versions/A/SpeechRecognitionCore
0x000000004776a000 	/System/Library/CoreServices/Encodings/libJapaneseConverter.dylib
0x000000010213f000 	/Library/Java/JavaVirtualMachines/jdk1.8.0_45.jdk/Contents/Home/jre/lib/server/libjvm.dylib
0x00000000001f8000 	/usr/lib/libstdc++.6.dylib
0x00000001031c2000 	/Library/Java/JavaVirtualMachines/jdk1.8.0_45.jdk/Contents/Home/jre/lib/libverify.dylib
0x0000000103a00000 	/Library/Java/JavaVirtualMachines/jdk1.8.0_45.jdk/Contents/Home/jre/lib/libjava.dylib
0x0000000103a35000 	/Library/Java/JavaVirtualMachines/jdk1.8.0_45.jdk/Contents/Home/jre/lib/libjdwp.dylib
0x00000001031d1000 	/Library/Java/JavaVirtualMachines/jdk1.8.0_45.jdk/Contents/Home/jre/lib/libnpt.dylib
0x00000001031de000 	/Library/Java/JavaVirtualMachines/jdk1.8.0_45.jdk/Contents/Home/jre/lib/libzip.dylib
0x000000011757a000 	/System/Library/Frameworks/JavaVM.framework/Frameworks/JavaRuntimeSupport.framework/JavaRuntimeSupport
0x0000000117590000 	/System/Library/Frameworks/JavaVM.framework/Versions/A/Frameworks/JavaNativeFoundation.framework/Versions/A/JavaNativeFoundation
0x00000001175a4000 	/System/Library/Frameworks/JavaVM.framework/Versions/A/JavaVM
0x00000000001f8000 	/System/Library/Frameworks/Carbon.framework/Versions/A/Carbon
0x00000001175b0000 	/System/Library/PrivateFrameworks/JavaLaunching.framework/Versions/A/JavaLaunching
0x00000000001f8000 	/System/Library/Frameworks/Carbon.framework/Versions/A/Frameworks/CommonPanels.framework/Versions/A/CommonPanels
0x00000000001f8000 	/System/Library/Frameworks/Carbon.framework/Versions/A/Frameworks/Help.framework/Versions/A/Help
0x00000000001f8000 	/System/Library/Frameworks/Carbon.framework/Versions/A/Frameworks/ImageCapture.framework/Versions/A/ImageCapture
0x00000000001f8000 	/System/Library/Frameworks/Carbon.framework/Versions/A/Frameworks/OpenScripting.framework/Versions/A/OpenScripting
0x00000000001f8000 	/System/Library/Frameworks/Carbon.framework/Versions/A/Frameworks/Print.framework/Versions/A/Print
0x00000000001f8000 	/System/Library/Frameworks/Carbon.framework/Versions/A/Frameworks/SecurityHI.framework/Versions/A/SecurityHI
0x0000000118f13000 	/Library/Java/JavaVirtualMachines/jdk1.8.0_45.jdk/Contents/Home/jre/lib/libdt_socket.dylib
0x000000011962f000 	/Library/Java/JavaVirtualMachines/jdk1.8.0_45.jdk/Contents/Home/jre/lib/libmanagement.dylib
0x000000011963c000 	/Library/Java/JavaVirtualMachines/jdk1.8.0_45.jdk/Contents/Home/jre/lib/libnet.dylib
0x000000011969b000 	/Library/Java/JavaVirtualMachines/jdk1.8.0_45.jdk/Contents/Home/jre/lib/libnio.dylib

VM Arguments:
jvm_args: -agentlib:jdwp=transport=dt_socket,suspend=y,address=localhost:52385 -Dcom.sun.management.jmxremote -Dcom.sun.management.jmxremote.port=52384 -Dcom.sun.management.jmxremote.authenticate=false -Dcom.sun.management.jmxremote.ssl=false -Dspring.liveBeansView.mbeanDomain -Dspring.application.admin.enabled=true -Djava.security.egd=file:/dev/./urandom -Dfile.encoding=UTF-8 
java_command: com.oneq.OneqqApplication --spring.output.ansi.enabled=always
java_class_path (initial): /Users/h-ono/workspace-sts/oneqq/target/classes:/Users/h-ono/.m2/repository/org/springframework/boot/spring-boot-starter-aop/1.3.6.RELEASE/spring-boot-starter-aop-1.3.6.RELEASE.jar:/Users/h-ono/.m2/repository/org/springframework/boot/spring-boot-starter/1.3.6.RELEASE/spring-boot-starter-1.3.6.RELEASE.jar:/Users/h-ono/.m2/repository/org/springframework/boot/spring-boot-starter-logging/1.3.6.RELEASE/spring-boot-starter-logging-1.3.6.RELEASE.jar:/Users/h-ono/.m2/repository/ch/qos/logback/logback-classic/1.1.7/logback-classic-1.1.7.jar:/Users/h-ono/.m2/repository/ch/qos/logback/logback-core/1.1.7/logback-core-1.1.7.jar:/Users/h-ono/.m2/repository/org/slf4j/jul-to-slf4j/1.7.21/jul-to-slf4j-1.7.21.jar:/Users/h-ono/.m2/repository/org/slf4j/log4j-over-slf4j/1.7.21/log4j-over-slf4j-1.7.21.jar:/Users/h-ono/.m2/repository/org/yaml/snakeyaml/1.16/snakeyaml-1.16.jar:/Users/h-ono/.m2/repository/org/springframework/spring-aop/4.2.7.RELEASE/spring-aop-4.2.7.RELEASE.jar:/Users/h-ono/.m2/repository/aopalliance/aopalliance/1.0/aopalliance-1.0.jar:/Users/h-ono/.m2/repository/org/springframework/spring-beans/4.2.7.RELEASE/spring-beans-4.2.7.RELEASE.jar:/Users/h-ono/.m2/repository/org/aspectj/aspectjweaver/1.8.9/aspectjweaver-1.8.9.jar:/Users/h-ono/.m2/repository/org/springframework/boot/spring-boot-starter-cache/1.3.6.RELEASE/spring-boot-starter-cache-1.3.6.RELEASE.jar:/Users/h-ono/.m2/repository/org/springframework/spring-context/4.2.7.RELEASE/spring-context-4.2.7.RELEASE.jar:/Users/h-ono/.m2/repository/org/springframework/spring-expression/4.2.7.RELEASE/spring-expression-4.2.7.RELEASE.jar:/Users/h-ono/.m2/repository/org/springframework/spring-context-support/4.2.7.RELEASE/spring-context-support-4.2.7.RELEASE.jar:/Users/h-ono/.m2/repository/org/springframework/boot/spring-boot-starter-data-jpa/1.3.6.RELEASE/spring-boot-starter-data-jpa-1.3.6.RELEASE.jar:/Users/h-ono/.m2/repository/org/springframework/boot/spring-boot-starter-jdbc/1.3.6.RELEASE/spring-boot-s
Launcher Type: SUN_STANDARD

Environment Variables:
PATH=/usr/bin:/bin:/usr/sbin:/sbin
SHELL=/bin/bash

Signal Handlers:
SIGSEGV: [libjvm.dylib+0x58ef95], sa_mask[0]=11111111011111110111111111111111, sa_flags=SA_ONSTACK|SA_RESTART|SA_SIGINFO
SIGBUS: [libjvm.dylib+0x58ef95], sa_mask[0]=11111111011111110111111111111111, sa_flags=SA_RESTART|SA_SIGINFO
SIGFPE: [libjvm.dylib+0x46c108], sa_mask[0]=11111111011111110111111111111111, sa_flags=SA_RESTART|SA_SIGINFO
SIGPIPE: [libjvm.dylib+0x46c108], sa_mask[0]=11111111011111110111111111111111, sa_flags=SA_RESTART|SA_SIGINFO
SIGXFSZ: [libjvm.dylib+0x46c108], sa_mask[0]=11111111011111110111111111111111, sa_flags=SA_RESTART|SA_SIGINFO
SIGILL: [libjvm.dylib+0x46c108], sa_mask[0]=11111111011111110111111111111111, sa_flags=SA_RESTART|SA_SIGINFO
SIGUSR1: SIG_DFL, sa_mask[0]=00000000000000000000000000000000, sa_flags=none
SIGUSR2: [libjvm.dylib+0x46bc26], sa_mask[0]=00100000000000000000000000000000, sa_flags=SA_RESTART|SA_SIGINFO
SIGHUP: [libjvm.dylib+0x46a1f9], sa_mask[0]=11111111011111110111111111111111, sa_flags=SA_RESTART|SA_SIGINFO
SIGINT: [libjvm.dylib+0x46a1f9], sa_mask[0]=11111111011111110111111111111111, sa_flags=SA_RESTART|SA_SIGINFO
SIGTERM: [libjvm.dylib+0x46a1f9], sa_mask[0]=11111111011111110111111111111111, sa_flags=SA_RESTART|SA_SIGINFO
SIGQUIT: [libjvm.dylib+0x46a1f9], sa_mask[0]=11111111011111110111111111111111, sa_flags=SA_RESTART|SA_SIGINFO


---------------  S Y S T E M  ---------------

OS:Bsduname:Darwin 14.3.0 Darwin Kernel Version 14.3.0: Mon Mar 23 11:59:05 PDT 2015; root:xnu-2782.20.48~5/RELEASE_X86_64 x86_64
rlimit: STACK 8192k, CORE 0k, NPROC 709, NOFILE 10240, AS infinity
load average:1.85 1.77 1.91

CPU:total 4 (2 cores per cpu, 2 threads per core) family 6 model 42 stepping 7, cmov, cx8, fxsr, mmx, sse, sse2, sse3, ssse3, sse4.1, sse4.2, popcnt, avx, aes, clmul, ht, tsc, tscinvbit

Memory: 4k page, physical 4194304k(17184k free)

/proc/meminfo:


vm_info: Java HotSpot(TM) 64-Bit Server VM (25.45-b02) for bsd-amd64 JRE (1.8.0_45-b14), built on Apr 10 2015 10:46:38 by "java_re" with gcc 4.2.1 (Based on Apple Inc. build 5658) (LLVM build 2336.11.00)

time: Sat Jul  9 16:58:43 2016
elapsed time: 844 seconds (0d 0h 14m 4s)

